[I 2024-08-27 19:58:36,739] Trial 43 finished with value: 0.012734505347907543 and parameters: {'gradient_clip_val': 36.766416203979254, 'hidden_size': 227, 'dropout': 0.22864447402231475, 'hidden_continuous_size': 11, 'attention_head_size': 4, 'learning_rate': 0.012589254117941671}. Best is trial 40 with value: 0.008502131327986717.
GPU available: True (cuda), used: True
TPU available: False, using: 0 TPU cores
HPU available: False, using: 0 HPUs
GPU available: True (cuda), used: True
TPU available: False, using: 0 TPU cores
HPU available: False, using: 0 HPUs
LOCAL_RANK: 0 - CUDA_VISIBLE_DEVICES: [0]
Finding best initial lr: 100%|█████████████████████████████████████████████████████████████████████████████████████████████████████████████████████████████████████████████████████████████████████████████| 100/100 [00:05<00:00, 19.07it/s]`Trainer.fit` stopped: `max_steps=100` reached.
Finding best initial lr: 100%|█████████████████████████████████████████████████████████████████████████████████████████████████████████████████████████████████████████████████████████████████████████████| 100/100 [00:05<00:00, 19.50it/s]
Learning rate set to 0.017782794100389233
Restoring states from the checkpoint path at /home/steinle/Documents/code-ba/.lr_find_59199d31-961d-4ddf-9fce-13e020712144.ckpt
Restored all states from the checkpoint at /home/steinle/Documents/code-ba/.lr_find_59199d31-961d-4ddf-9fce-13e020712144.ckpt
[I 2024-08-27 19:58:42,742] Using learning rate of 0.0224
LOCAL_RANK: 0 - CUDA_VISIBLE_DEVICES: [0]
`Trainer.fit` stopped: `max_epochs=25` reached.
[I 2024-08-27 20:02:18,117] Trial 44 finished with value: 0.018236424773931503 and parameters: {'gradient_clip_val': 10.791608347922798, 'hidden_size': 192, 'dropout': 0.25300889782111236, 'hidden_continuous_size': 9, 'attention_head_size': 4, 'learning_rate': 0.022387211385683406}. Best is trial 40 with value: 0.008502131327986717.
GPU available: True (cuda), used: True
TPU available: False, using: 0 TPU cores
HPU available: False, using: 0 HPUs
GPU available: True (cuda), used: True
TPU available: False, using: 0 TPU cores
HPU available: False, using: 0 HPUs
LOCAL_RANK: 0 - CUDA_VISIBLE_DEVICES: [0]
Finding best initial lr: 100%|█████████████████████████████████████████████████████████████████████████████████████████████████████████████████████████████████████████████████████████████████████████████| 100/100 [00:05<00:00, 17.74it/s]`Trainer.fit` stopped: `max_steps=100` reached.
Finding best initial lr: 100%|█████████████████████████████████████████████████████████████████████████████████████████████████████████████████████████████████████████████████████████████████████████████| 100/100 [00:05<00:00, 17.43it/s]
Learning rate set to 0.017782794100389233
Restoring states from the checkpoint path at /home/steinle/Documents/code-ba/.lr_find_172aacce-6a45-4c0b-99ed-57bf10ec0fc0.ckpt
Restored all states from the checkpoint at /home/steinle/Documents/code-ba/.lr_find_172aacce-6a45-4c0b-99ed-57bf10ec0fc0.ckpt
[I 2024-08-27 20:02:24,712] Using learning rate of 0.0141
LOCAL_RANK: 0 - CUDA_VISIBLE_DEVICES: [0]
`Trainer.fit` stopped: `max_epochs=25` reached.
[I 2024-08-27 20:06:28,091] Trial 45 finished with value: 0.013646667823195457 and parameters: {'gradient_clip_val': 24.47269933441313, 'hidden_size': 225, 'dropout': 0.24098618666869348, 'hidden_continuous_size': 14, 'attention_head_size': 4, 'learning_rate': 0.014125375446227544}. Best is trial 40 with value: 0.008502131327986717.
GPU available: True (cuda), used: True
TPU available: False, using: 0 TPU cores
HPU available: False, using: 0 HPUs
GPU available: True (cuda), used: True
TPU available: False, using: 0 TPU cores
HPU available: False, using: 0 HPUs
LOCAL_RANK: 0 - CUDA_VISIBLE_DEVICES: [0]
Finding best initial lr: 100%|█████████████████████████████████████████████████████████████████████████████████████████████████████████████████████████████████████████████████████████████████████████████| 100/100 [00:06<00:00, 16.03it/s]`Trainer.fit` stopped: `max_steps=100` reached.
Finding best initial lr: 100%|█████████████████████████████████████████████████████████████████████████████████████████████████████████████████████████████████████████████████████████████████████████████| 100/100 [00:06<00:00, 15.92it/s]
Learning rate set to 0.007943282347242812
Restoring states from the checkpoint path at /home/steinle/Documents/code-ba/.lr_find_857532cc-9dce-4e16-a88e-ef454bc7c36b.ckpt
Restored all states from the checkpoint at /home/steinle/Documents/code-ba/.lr_find_857532cc-9dce-4e16-a88e-ef454bc7c36b.ckpt
[I 2024-08-27 20:06:35,245] Using learning rate of 0.00708
LOCAL_RANK: 0 - CUDA_VISIBLE_DEVICES: [0]
`Trainer.fit` stopped: `max_epochs=25` reached.
[I 2024-08-27 20:10:57,670] Trial 46 finished with value: 0.013467301614582539 and parameters: {'gradient_clip_val': 51.12358027399871, 'hidden_size': 265, 'dropout': 0.2246218722142536, 'hidden_continuous_size': 12, 'attention_head_size': 4, 'learning_rate': 0.007079457843841375}. Best is trial 40 with value: 0.008502131327986717.
GPU available: True (cuda), used: True
TPU available: False, using: 0 TPU cores
HPU available: False, using: 0 HPUs
GPU available: True (cuda), used: True
TPU available: False, using: 0 TPU cores
HPU available: False, using: 0 HPUs
LOCAL_RANK: 0 - CUDA_VISIBLE_DEVICES: [0]
Finding best initial lr: 99%|████████████████████████████████████████████████████████████████████████████████████████████████████████████████████████████████████████████████████████████████████████████▎ | 99/100 [00:05<00:00, 19.95it/s]`Trainer.fit` stopped: `max_steps=100` reached.
Finding best initial lr: 100%|█████████████████████████████████████████████████████████████████████████████████████████████████████████████████████████████████████████████████████████████████████████████| 100/100 [00:05<00:00, 19.54it/s]
Learning rate set to 0.03162277660168378
Restoring states from the checkpoint path at /home/steinle/Documents/code-ba/.lr_find_31c3abf9-605e-40d7-b63c-05809eda1b0b.ckpt
Restored all states from the checkpoint at /home/steinle/Documents/code-ba/.lr_find_31c3abf9-605e-40d7-b63c-05809eda1b0b.ckpt
[I 2024-08-27 20:11:03,648] Using learning rate of 0.0282
LOCAL_RANK: 0 - CUDA_VISIBLE_DEVICES: [0]
`Trainer.fit` stopped: `max_epochs=25` reached.
[I 2024-08-27 20:14:41,773] Trial 47 finished with value: 0.014714183285832405 and parameters: {'gradient_clip_val': 77.18288208175109, 'hidden_size': 175, 'dropout': 0.2645944557201866, 'hidden_continuous_size': 10, 'attention_head_size': 4, 'learning_rate': 0.02818382931264452}. Best is trial 40 with value: 0.008502131327986717.
GPU available: True (cuda), used: True
TPU available: False, using: 0 TPU cores
HPU available: False, using: 0 HPUs
GPU available: True (cuda), used: True
TPU available: False, using: 0 TPU cores
HPU available: False, using: 0 HPUs
LOCAL_RANK: 0 - CUDA_VISIBLE_DEVICES: [0]
Finding best initial lr: 100%|█████████████████████████████████████████████████████████████████████████████████████████████████████████████████████████████████████████████████████████████████████████████| 100/100 [00:05<00:00, 19.52it/s]`Trainer.fit` stopped: `max_steps=100` reached.
Finding best initial lr: 100%|█████████████████████████████████████████████████████████████████████████████████████████████████████████████████████████████████████████████████████████████████████████████| 100/100 [00:05<00:00, 19.71it/s]
Learning rate set to 0.03162277660168378
Restoring states from the checkpoint path at /home/steinle/Documents/code-ba/.lr_find_68fe29f8-15c9-4443-be85-053c1f8e8da9.ckpt
Restored all states from the checkpoint at /home/steinle/Documents/code-ba/.lr_find_68fe29f8-15c9-4443-be85-053c1f8e8da9.ckpt
[I 2024-08-27 20:14:47,697] Using learning rate of 0.0282
LOCAL_RANK: 0 - CUDA_VISIBLE_DEVICES: [0]
`Trainer.fit` stopped: `max_epochs=25` reached.
[I 2024-08-27 20:18:18,613] Trial 48 finished with value: 0.01435590349137783 and parameters: {'gradient_clip_val': 18.426066953542954, 'hidden_size': 143, 'dropout': 0.2508846447368964, 'hidden_continuous_size': 16, 'attention_head_size': 4, 'learning_rate': 0.02818382931264452}. Best is trial 40 with value: 0.008502131327986717.
GPU available: True (cuda), used: True
TPU available: False, using: 0 TPU cores
HPU available: False, using: 0 HPUs
GPU available: True (cuda), used: True
TPU available: False, using: 0 TPU cores
HPU available: False, using: 0 HPUs
LOCAL_RANK: 0 - CUDA_VISIBLE_DEVICES: [0]
Finding best initial lr: 100%|█████████████████████████████████████████████████████████████████████████████████████████████████████████████████████████████████████████████████████████████████████████████| 100/100 [00:05<00:00, 19.10it/s]`Trainer.fit` stopped: `max_steps=100` reached.
Finding best initial lr: 100%|█████████████████████████████████████████████████████████████████████████████████████████████████████████████████████████████████████████████████████████████████████████████| 100/100 [00:05<00:00, 19.33it/s]
Learning rate set to 0.03548133892335753
Restoring states from the checkpoint path at /home/steinle/Documents/code-ba/.lr_find_85c21caa-5f75-4c58-b86f-b935ca22cda1.ckpt
Restored all states from the checkpoint at /home/steinle/Documents/code-ba/.lr_find_85c21caa-5f75-4c58-b86f-b935ca22cda1.ckpt
[I 2024-08-27 20:18:24,650] Using learning rate of 0.0282
LOCAL_RANK: 0 - CUDA_VISIBLE_DEVICES: [0]
`Trainer.fit` stopped: `max_epochs=25` reached.
[I 2024-08-27 20:22:02,751] Trial 49 finished with value: 0.015254924073815346 and parameters: {'gradient_clip_val': 5.958048791952364, 'hidden_size': 163, 'dropout': 0.272131375232175, 'hidden_continuous_size': 8, 'attention_head_size': 4, 'learning_rate': 0.02818382931264452}. Best is trial 40 with value: 0.008502131327986717.
{'gradient_clip_val': 26.299655543511545, 'hidden_size': 256, 'dropout': 0.2389409641779281, 'hidden_continuous_size': 12, 'attention_head_size': 4, 'learning_rate': 0.007079457843841375}
GPU available: True (cuda), used: True
TPU available: False, using: 0 TPU cores
HPU available: False, using: 0 HPUs
LOCAL_RANK: 0 - CUDA_VISIBLE_DEVICES: [0]
